<?xml version="1.0" encoding="UTF-8"?>
<testsuite name="com.appconcept.test.ExampleUnitTest" tests="1" skipped="0" failures="0" errors="0" timestamp="2025-03-20T10:36:14" hostname="JTORRES" time="0.005">
  <properties/>
  <testcase name="addition_isCorrect" classname="com.appconcept.test.ExampleUnitTest" time="0.005"/>
  <system-out><![CDATA[]]></system-out>
  <system-err><![CDATA[]]></system-err>
</testsuite>
