<?xml version="1.0" encoding="UTF-8"?>
<testsuite name="com.appconcept.test.viewmodel.AlbumViewModelTest" tests="1" skipped="0" failures="0" errors="0" timestamp="2025-03-20T10:36:16" hostname="JTORRES" time="0.124">
  <properties/>
  <testcase name="testLoadMoreAlbums" classname="com.appconcept.test.viewmodel.AlbumViewModelTest" time="0.124"/>
  <system-out><![CDATA[]]></system-out>
  <system-err><![CDATA[]]></system-err>
</testsuite>
