<?xml version='1.0' encoding='UTF-8' ?>
<testsuite name="com.appconcept.test.database.AlbumDaoTest" tests="1" failures="0" errors="0" skipped="0" time="6.856" timestamp="2025-03-20T13:08:06" hostname="localhost">
  <properties>
    <property name="device" value="Medium_Phone_API_35(AVD) - 15" />
    <property name="flavor" value="" />
    <property name="project" value=":app" />
  </properties>
  <testcase name="testInsertAlbumsDatabase" classname="com.appconcept.test.database.AlbumDaoTest" time="1.314" />
</testsuite>